<?xml version="1.0" encoding="UTF-8"?>
<testng-results ignored="0" total="1" passed="1" failed="0" skipped="0">
  <reporter-output>
  </reporter-output>
  <suite started-at="2024-12-23T23:32:21 IST" name="Default suite" finished-at="2024-12-23T23:32:36 IST" duration-ms="15448">
    <groups>
    </groups>
    <test started-at="2024-12-23T23:32:21 IST" name="Default test" finished-at="2024-12-23T23:32:36 IST" duration-ms="15448">
      <class name="com.pta.qa.testcases.ContactPageTest">
        <test-method is-config="true" signature="setup()[pri:0, instance:com.pta.qa.testcases.ContactPageTest@350aac89]" started-at="2024-12-23T23:32:21 IST" name="setup" finished-at="2024-12-23T23:32:35 IST" duration-ms="13673" status="PASS">
          <reporter-output>
          </reporter-output>
        </test-method> <!-- setup -->
        <test-method signature="contactPageTitleTest()[pri:1, instance:com.pta.qa.testcases.ContactPageTest@350aac89]" started-at="2024-12-23T23:32:35 IST" name="contactPageTitleTest" finished-at="2024-12-23T23:32:35 IST" duration-ms="62" status="PASS">
          <reporter-output>
          </reporter-output>
        </test-method> <!-- contactPageTitleTest -->
        <test-method is-config="true" signature="teardown()[pri:0, instance:com.pta.qa.testcases.ContactPageTest@350aac89]" started-at="2024-12-23T23:32:35 IST" name="teardown" finished-at="2024-12-23T23:32:36 IST" duration-ms="1479" status="PASS">
          <reporter-output>
          </reporter-output>
        </test-method> <!-- teardown -->
      </class> <!-- com.pta.qa.testcases.ContactPageTest -->
    </test> <!-- Default test -->
  </suite> <!-- Default suite -->
</testng-results>
