<?xml version="1.0" encoding="UTF-8"?>
<!-- Generated by org.testng.reporters.JUnitXMLReporter -->
<testsuite ignored="2" hostname="LAPTOP-9MKQQPJI" failures="0" tests="1" name="Default test" time="15.448" errors="0" timestamp="2024-12-23T23:32:36 IST">
  <testcase classname="com.pta.qa.testcases.ContactPageTest" name="contactPageTitleTest" time="0.062"/>
  <testcase classname="com.pta.qa.testcases.ContactPageTest" name="fillContactFormTest" time="0.0">
    <ignored/>
  </testcase> <!-- fillContactFormTest -->
  <testcase classname="com.pta.qa.testcases.ContactPageTest" name="contactLinkTest" time="0.0">
    <ignored/>
  </testcase> <!-- contactLinkTest -->
</testsuite> <!-- Default test -->
